********************************************************************************

Number of levels   = 2  
Array map at level = 1  

- Array at k = 0   0.0000      
2    1    0    
1    2    0    
0    0    0    
- Array at k = 1   42.8400     
4    4    3    
4    4    3    
3    3    3    

--------------------------------------------------------------------------------

Output pin-cell array 0   from level 1  

- Array at k = 0   0.0000      
0    

++++++++++++++++++++++++++++++++++++++++++++++++++++++++++++++++++++++++++++++++

Pin 0   from pin-cell array 0  

dimensions   = 21.42000 21.42000 42.84000 
num regions  = 1   
mod-id       = 7   

++++++++++++++++++++++++++++++++++++++++++++++++++++++++++++++++++++++++++++++++

--------------------------------------------------------------------------------
--------------------------------------------------------------------------------

Output pin-cell array 1   from level 1  

- Array at k = 0   0.0000      
0    0    0    0    0    0    0    0    0    0    0    0    0    0    0    0    0    
0    1    1    1    1    1    1    1    1    1    1    1    1    1    1    1    0    
0    1    1    1    1    2    1    1    2    1    1    2    1    1    1    1    0    
0    1    1    2    1    3    3    3    3    3    3    3    1    2    1    1    0    
0    1    1    1    3    3    3    3    3    3    3    3    3    1    1    1    0    
0    1    2    3    3    2    3    3    2    3    3    2    3    3    2    1    0    
0    1    1    3    3    3    3    3    3    3    3    3    3    3    1    1    0    
0    1    1    3    3    3    3    3    3    3    3    3    3    3    1    1    0    
0    1    2    3    3    2    3    3    4    3    3    2    3    3    2    1    0    
0    1    1    3    3    3    3    3    3    3    3    3    3    3    1    1    0    
0    1    1    3    3    3    3    3    3    3    3    3    3    3    1    1    0    
0    1    2    3    3    2    3    3    2    3    3    2    3    3    2    1    0    
0    1    1    1    3    3    3    3    3    3    3    3    3    1    1    1    0    
0    1    1    2    1    3    3    3    3    3    3    3    1    2    1    1    0    
0    1    1    1    1    2    1    1    2    1    1    2    1    1    1    1    0    
0    1    1    1    1    1    1    1    1    1    1    1    1    1    1    1    0    
0    0    0    0    0    0    0    0    0    0    0    0    0    0    0    0    0    

++++++++++++++++++++++++++++++++++++++++++++++++++++++++++++++++++++++++++++++++

Pin 0   from pin-cell array 1  

dimensions   = 1.26000  1.26000  42.84000 
num regions  = 2   
mod-id       = 7   
shell radii  = 0.54000 
shell matids = 1   

++++++++++++++++++++++++++++++++++++++++++++++++++++++++++++++++++++++++++++++++
++++++++++++++++++++++++++++++++++++++++++++++++++++++++++++++++++++++++++++++++

Pin   1 from pin-cell array   1

dimensions   = 1.26000  1.26000  42.84000 
num regions  = 2   
mod-id       = 7   
shell radii  = 0.54000 
shell matids = 2   

++++++++++++++++++++++++++++++++++++++++++++++++++++++++++++++++++++++++++++++++
++++++++++++++++++++++++++++++++++++++++++++++++++++++++++++++++++++++++++++++++

Pin   2 from pin-cell array   1

dimensions   = 1.26000  1.26000  42.84000 
num regions  = 2   
mod-id       = 7   
shell radii  = 0.54000 
shell matids = 5   

++++++++++++++++++++++++++++++++++++++++++++++++++++++++++++++++++++++++++++++++
++++++++++++++++++++++++++++++++++++++++++++++++++++++++++++++++++++++++++++++++

Pin   3 from pin-cell array   1

dimensions   = 1.26000  1.26000  42.84000 
num regions  = 2   
mod-id       = 7   
shell radii  = 0.54000 
shell matids = 3   

++++++++++++++++++++++++++++++++++++++++++++++++++++++++++++++++++++++++++++++++
++++++++++++++++++++++++++++++++++++++++++++++++++++++++++++++++++++++++++++++++

Pin   4 from pin-cell array   1

dimensions   = 1.26000  1.26000  42.84000 
num regions  = 2   
mod-id       = 7   
shell radii  = 0.54000 
shell matids = 4   

++++++++++++++++++++++++++++++++++++++++++++++++++++++++++++++++++++++++++++++++

--------------------------------------------------------------------------------
--------------------------------------------------------------------------------

Output pin-cell array 2   from level 1  

- Array at k = 0   0.0000      
0    0    0    0    0    0    0    0    0    0    0    0    0    0    0    0    0    
0    0    0    0    0    0    0    0    0    0    0    0    0    0    0    0    0    
0    0    0    0    0    1    0    0    1    0    0    1    0    0    0    0    0    
0    0    0    1    0    0    0    0    0    0    0    0    0    1    0    0    0    
0    0    0    0    0    0    0    0    0    0    0    0    0    0    0    0    0    
0    0    1    0    0    1    0    0    1    0    0    1    0    0    1    0    0    
0    0    0    0    0    0    0    0    0    0    0    0    0    0    0    0    0    
0    0    0    0    0    0    0    0    0    0    0    0    0    0    0    0    0    
0    0    1    0    0    1    0    0    2    0    0    1    0    0    1    0    0    
0    0    0    0    0    0    0    0    0    0    0    0    0    0    0    0    0    
0    0    0    0    0    0    0    0    0    0    0    0    0    0    0    0    0    
0    0    1    0    0    1    0    0    1    0    0    1    0    0    1    0    0    
0    0    0    0    0    0    0    0    0    0    0    0    0    0    0    0    0    
0    0    0    1    0    0    0    0    0    0    0    0    0    1    0    0    0    
0    0    0    0    0    1    0    0    1    0    0    1    0    0    0    0    0    
0    0    0    0    0    0    0    0    0    0    0    0    0    0    0    0    0    
0    0    0    0    0    0    0    0    0    0    0    0    0    0    0    0    0    

++++++++++++++++++++++++++++++++++++++++++++++++++++++++++++++++++++++++++++++++

Pin 0   from pin-cell array 2  

dimensions   = 1.26000  1.26000  42.84000 
num regions  = 2   
mod-id       = 7   
shell radii  = 0.54000 
shell matids = 0   

++++++++++++++++++++++++++++++++++++++++++++++++++++++++++++++++++++++++++++++++
++++++++++++++++++++++++++++++++++++++++++++++++++++++++++++++++++++++++++++++++

Pin   1 from pin-cell array   2

dimensions   = 1.26000  1.26000  42.84000 
num regions  = 2   
mod-id       = 7   
shell radii  = 0.54000 
shell matids = 5   

++++++++++++++++++++++++++++++++++++++++++++++++++++++++++++++++++++++++++++++++
++++++++++++++++++++++++++++++++++++++++++++++++++++++++++++++++++++++++++++++++

Pin   2 from pin-cell array   2

dimensions   = 1.26000  1.26000  42.84000 
num regions  = 2   
mod-id       = 7   
shell radii  = 0.54000 
shell matids = 4   

++++++++++++++++++++++++++++++++++++++++++++++++++++++++++++++++++++++++++++++++

--------------------------------------------------------------------------------
--------------------------------------------------------------------------------

Output pin-cell array 3   from level 1  

- Array at k = 0   0.0000      
0    

++++++++++++++++++++++++++++++++++++++++++++++++++++++++++++++++++++++++++++++++

Pin 0   from pin-cell array 3  

dimensions   = 21.42000 21.42000 21.42000 
num regions  = 1   
mod-id       = 7   

++++++++++++++++++++++++++++++++++++++++++++++++++++++++++++++++++++++++++++++++

--------------------------------------------------------------------------------
--------------------------------------------------------------------------------

Output pin-cell array 4   from level 1  

- Array at k = 0   0.0000      
0    0    0    0    0    0    0    0    0    0    0    0    0    0    0    0    0    
0    0    0    0    0    0    0    0    0    0    0    0    0    0    0    0    0    
0    0    0    0    0    1    0    0    1    0    0    1    0    0    0    0    0    
0    0    0    1    0    0    0    0    0    0    0    0    0    1    0    0    0    
0    0    0    0    0    0    0    0    0    0    0    0    0    0    0    0    0    
0    0    1    0    0    1    0    0    1    0    0    1    0    0    1    0    0    
0    0    0    0    0    0    0    0    0    0    0    0    0    0    0    0    0    
0    0    0    0    0    0    0    0    0    0    0    0    0    0    0    0    0    
0    0    1    0    0    1    0    0    2    0    0    1    0    0    1    0    0    
0    0    0    0    0    0    0    0    0    0    0    0    0    0    0    0    0    
0    0    0    0    0    0    0    0    0    0    0    0    0    0    0    0    0    
0    0    1    0    0    1    0    0    1    0    0    1    0    0    1    0    0    
0    0    0    0    0    0    0    0    0    0    0    0    0    0    0    0    0    
0    0    0    1    0    0    0    0    0    0    0    0    0    1    0    0    0    
0    0    0    0    0    1    0    0    1    0    0    1    0    0    0    0    0    
0    0    0    0    0    0    0    0    0    0    0    0    0    0    0    0    0    
0    0    0    0    0    0    0    0    0    0    0    0    0    0    0    0    0    

++++++++++++++++++++++++++++++++++++++++++++++++++++++++++++++++++++++++++++++++

Pin 0   from pin-cell array 4  

dimensions   = 1.26000  1.26000  21.42000 
num regions  = 1   
mod-id       = 7   

++++++++++++++++++++++++++++++++++++++++++++++++++++++++++++++++++++++++++++++++
++++++++++++++++++++++++++++++++++++++++++++++++++++++++++++++++++++++++++++++++

Pin   1 from pin-cell array   4

dimensions   = 1.26000  1.26000  21.42000 
num regions  = 2   
mod-id       = 7   
shell radii  = 0.54000 
shell matids = 6   

++++++++++++++++++++++++++++++++++++++++++++++++++++++++++++++++++++++++++++++++
++++++++++++++++++++++++++++++++++++++++++++++++++++++++++++++++++++++++++++++++

Pin   2 from pin-cell array   4

dimensions   = 1.26000  1.26000  21.42000 
num regions  = 2   
mod-id       = 7   
shell radii  = 0.54000 
shell matids = 4   

++++++++++++++++++++++++++++++++++++++++++++++++++++++++++++++++++++++++++++++++

--------------------------------------------------------------------------------

********************************************************************************
