=======================================
    Profugus MC Mini-APP               
    (C) ORNL, Battelle, 2014           
=======================================

>>> Reading xml file -> mc_c5g7.xml
>>> Building and initializing geometry, physics, variance reduction, and tallies
>>> Building eigenvalue solver
>>> Executing solver
>>> Beginning inactive cycles.

 Cycle  k_cycle   Time (s) 
   0   1.042742  1.508081e+00
   1   1.075721  1.502948e+00
   2   1.092899  1.486938e+00
   3   1.105499  1.475470e+00
   4   1.115024  1.457331e+00
   5   1.120068  1.441345e+00
   6   1.120986  1.426448e+00
   7   1.124604  1.419206e+00
   8   1.131790  1.422461e+00
   9   1.136165  1.415741e+00
  10   1.139625  1.428484e+00
  11   1.136306  1.409672e+00
  12   1.140079  1.427603e+00
  13   1.137955  1.407707e+00
  14   1.141890  1.415333e+00
  15   1.137420  1.439816e+00
  16   1.143491  1.403386e+00
  17   1.145213  1.449405e+00
  18   1.138138  1.418479e+00
  19   1.148362  1.423901e+00
  20   1.145480  1.431508e+00
  21   1.147147  1.430063e+00
  22   1.146519  1.415029e+00
  23   1.138453  1.427933e+00
  24   1.142753  1.433726e+00
  25   1.138732  1.438111e+00
  26   1.143739  1.416874e+00
  27   1.145792  1.432027e+00
  28   1.145862  1.421197e+00
  29   1.143428  1.433956e+00
  30   1.142210  1.413234e+00
  31   1.139318  1.410477e+00
  32   1.140239  1.425855e+00
  33   1.145199  1.417042e+00
  34   1.144945  1.450369e+00
  35   1.143239  1.425297e+00
  36   1.139195  1.436476e+00
  37   1.143136  1.421755e+00
  38   1.145908  1.426267e+00
  39   1.144944  1.424135e+00
  40   1.138559  1.415074e+00
  41   1.140283  1.418312e+00
  42   1.143900  1.421987e+00
  43   1.142333  1.437479e+00
  44   1.142047  1.417273e+00
  45   1.143646  1.431662e+00
  46   1.144491  1.415825e+00
  47   1.146191  1.424036e+00
  48   1.134665  1.417974e+00
  49   1.141230  1.563514e+00
  50   1.139445  1.423472e+00
  51   1.139982  1.440336e+00
  52   1.141209  1.405131e+00
  53   1.141883  1.439156e+00
  54   1.141574  1.413220e+00
  55   1.138426  1.434657e+00
  56   1.144001  1.413774e+00
  57   1.135733  1.431176e+00
  58   1.144002  1.402528e+00
  59   1.141147  1.420172e+00
  60   1.145940  1.412312e+00
  61   1.138550  1.426830e+00
  62   1.143087  1.400212e+00
  63   1.140801  1.433768e+00
  64   1.146139  1.419711e+00
  65   1.150694  1.411962e+00
  66   1.139297  1.413257e+00
  67   1.139111  1.404068e+00
  68   1.141238  1.428987e+00
  69   1.144420  1.408282e+00
  70   1.145126  1.417432e+00
  71   1.141865  1.410956e+00
  72   1.140366  1.407960e+00
  73   1.140740  1.409736e+00
  74   1.145268  1.432305e+00
  75   1.139135  1.421714e+00
  76   1.140175  1.406920e+00
  77   1.141417  1.445717e+00
  78   1.140796  1.420251e+00
  79   1.142802  1.424828e+00
  80   1.142601  1.435322e+00
  81   1.148783  1.414738e+00
  82   1.142531  1.442716e+00
  83   1.139677  1.412825e+00
  84   1.142800  1.429280e+00
  85   1.144582  1.423065e+00
  86   1.145843  1.410571e+00
  87   1.142225  1.405213e+00
  88   1.148300  1.414243e+00
  89   1.145422  1.409306e+00
  90   1.142666  1.410604e+00
  91   1.137374  1.416593e+00
  92   1.139749  1.413348e+00
  93   1.138847  1.418052e+00
  94   1.139816  1.419371e+00
  95   1.140155  1.418750e+00
  96   1.143440  1.429196e+00
  97   1.141110  1.407939e+00
  98   1.144263  1.422046e+00
  99   1.147596  1.407635e+00

>>> Beginning active cycles.

 Cycle  k_cycle    k_avg    k_variance    Time (s) 
   0   1.139630  1.139630  1.298757e+00  1.435718e+00
   1   1.140011  1.139820  3.620290e-08  1.398946e+00
   2   1.140771  1.140137  1.125259e-07  1.433347e+00
   3   1.140618  1.140258  7.072678e-08  1.422025e+00
   4   1.141010  1.140408  6.509183e-08  1.443828e+00
   5   1.144775  1.141136  5.731259e-07  1.405419e+00
   6   1.144048  1.141552  5.824646e-07  1.435522e+00
   7   1.144531  1.141924  5.755087e-07  1.408779e+00
   8   1.141086  1.141831  4.562990e-07  1.419843e+00
   9   1.143804  1.142029  4.039554e-07  1.413522e+00
  10   1.146193  1.142407  4.738561e-07  1.446227e+00
  11   1.144347  1.142569  4.210047e-07  1.416026e+00
  12   1.145502  1.142794  4.071372e-07  1.503919e+00
  13   1.142288  1.142758  3.502857e-07  1.700593e+00
  14   1.140053  1.142578  3.361047e-07  1.633403e+00
  15   1.149002  1.142979  4.553232e-07  1.407753e+00
  16   1.144413  1.143064  4.088625e-07  1.435586e+00
  17   1.142944  1.143057  3.634774e-07  1.404415e+00
  18   1.149405  1.143391  4.368263e-07  1.411532e+00
  19   1.144720  1.143458  3.975565e-07  1.407690e+00
  20   1.143445  1.143457  3.596943e-07  1.418230e+00
  21   1.141719  1.143378  3.332343e-07  1.398196e+00
  22   1.142711  1.143349  3.050972e-07  1.415570e+00
  23   1.140948  1.143249  2.896775e-07  1.417177e+00
  24   1.142707  1.143227  2.669724e-07  1.412074e+00
  25   1.144460  1.143275  2.486835e-07  1.436153e+00
  26   1.146489  1.143394  2.444365e-07  1.428530e+00
  27   1.146012  1.143487  2.357173e-07  1.413424e+00
  28   1.145002  1.143539  2.221879e-07  1.417072e+00
  29   1.139658  1.143410  2.241113e-07  1.414532e+00
  30   1.139938  1.143298  2.221976e-07  1.424484e+00
  31   1.141453  1.143240  2.116344e-07  1.415834e+00
  32   1.135566  1.143008  2.528963e-07  1.423786e+00
  33   1.140691  1.142940  2.426619e-07  1.409778e+00
  34   1.144929  1.142997  2.320266e-07  1.412678e+00
  35   1.143704  1.143016  2.195220e-07  1.423984e+00
  36   1.141604  1.142978  2.091133e-07  1.410323e+00
  37   1.146064  1.143059  2.047030e-07  1.409292e+00
  38   1.146589  1.143150  2.023950e-07  1.423281e+00
  39   1.145184  1.143201  1.948617e-07  1.411882e+00
  40   1.144878  1.143242  1.870296e-07  1.406577e+00
  41   1.140611  1.143179  1.820448e-07  1.403332e+00
  42   1.145128  1.143224  1.756319e-07  1.419228e+00
  43   1.145424  1.143274  1.701491e-07  1.417822e+00
  44   1.146513  1.143346  1.677665e-07  1.408204e+00
  45   1.138349  1.143238  1.722733e-07  1.414285e+00
  46   1.143064  1.143234  1.649561e-07  1.406630e+00
  47   1.142930  1.143228  1.581231e-07  1.432411e+00
  48   1.146249  1.143289  1.554714e-07  1.403827e+00
  49   1.144364  1.143311  1.497148e-07  1.409604e+00
  50   1.139796  1.143242  1.485925e-07  1.413034e+00
  51   1.146148  1.143298  1.460018e-07  1.417046e+00
  52   1.146231  1.143353  1.435552e-07  1.428973e+00
  53   1.146632  1.143414  1.419244e-07  1.432718e+00
  54   1.141696  1.143383  1.377388e-07  1.405283e+00
  55   1.149924  1.143499  1.464625e-07  1.411866e+00
  56   1.145610  1.143536  1.426944e-07  1.428248e+00
  57   1.142949  1.143526  1.378764e-07  1.403481e+00
  58   1.138540  1.143442  1.403445e-07  1.420938e+00
  59   1.134645  1.143295  1.571634e-07  1.410161e+00
  60   1.144711  1.143318  1.525491e-07  1.412126e+00
  61   1.139831  1.143262  1.507914e-07  1.420915e+00
  62   1.147307  1.143326  1.501271e-07  1.423558e+00
  63   1.144561  1.143346  1.458078e-07  1.423571e+00
  64   1.146877  1.143400  1.442735e-07  1.431457e+00
  65   1.145461  1.143431  1.408768e-07  1.425327e+00
  66   1.143656  1.143434  1.366828e-07  1.430169e+00
  67   1.141495  1.143406  1.334758e-07  1.412263e+00
  68   1.146279  1.143448  1.313411e-07  1.426359e+00
  69   1.144618  1.143464  1.278681e-07  1.407713e+00
  70   1.139997  1.143416  1.266517e-07  1.420321e+00
  71   1.142887  1.143408  1.231875e-07  1.398538e+00
  72   1.146107  1.143445  1.211797e-07  1.425571e+00
  73   1.140196  1.143401  1.198321e-07  1.401343e+00
  74   1.148210  1.143465  1.207480e-07  1.428585e+00
  75   1.140076  1.143421  1.195596e-07  1.409503e+00
  76   1.143877  1.143427  1.164893e-07  1.422664e+00
  77   1.146563  1.143467  1.151193e-07  1.415277e+00
  78   1.145648  1.143495  1.129672e-07  1.432670e+00
  79   1.141243  1.143466  1.109350e-07  1.420682e+00
  80   1.141027  1.143436  1.091030e-07  1.418509e+00
  81   1.146414  1.143473  1.077606e-07  1.415610e+00
  82   1.144437  1.143484  1.052990e-07  1.429486e+00
  83   1.140819  1.143452  1.037987e-07  1.406951e+00
  84   1.139315  1.143404  1.037262e-07  1.400007e+00
  85   1.141831  1.143385  1.016485e-07  1.413449e+00
  86   1.138399  1.143328  1.025967e-07  1.409135e+00
  87   1.141887  1.143312  1.005330e-07  1.418845e+00
  88   1.141701  1.143294  9.860147e-08  1.414376e+00
  89   1.147427  1.143340  9.851917e-08  1.424659e+00
  90   1.137366  1.143274  1.006629e-07  1.415507e+00
  91   1.141419  1.143254  9.888128e-08  1.425223e+00
  92   1.143985  1.143262  9.681655e-08  1.424668e+00
  93   1.142577  1.143254  9.480966e-08  1.431618e+00
  94   1.139899  1.143219  9.406137e-08  1.408287e+00
  95   1.143688  1.143224  9.212560e-08  1.429474e+00
  96   1.140994  1.143201  9.075441e-08  1.422524e+00
  97   1.142051  1.143189  8.903998e-08  1.423473e+00
  98   1.145831  1.143216  8.795308e-08  1.410088e+00
  99   1.141716  1.143201  8.641904e-08  1.415424e+00
 100   1.145303  1.143222  8.514080e-08  1.410844e+00
 101   1.142548  1.143215  8.351500e-08  1.418471e+00
 102   1.139148  1.143176  8.345249e-08  1.412449e+00
 103   1.142441  1.143169  8.189756e-08  1.424158e+00
 104   1.145411  1.143190  8.079390e-08  1.415233e+00
 105   1.143385  1.143192  7.927286e-08  1.418939e+00
 106   1.145658  1.143215  7.832225e-08  1.403760e+00
 107   1.143978  1.143222  7.692179e-08  1.412319e+00
 108   1.141064  1.143202  7.590232e-08  1.411554e+00
 109   1.139996  1.143173  7.537172e-08  1.432383e+00
 110   1.142644  1.143168  7.403640e-08  1.418198e+00
 111   1.140168  1.143141  7.343201e-08  1.418980e+00
 112   1.148566  1.143189  7.443705e-08  1.412072e+00
 113   1.149145  1.143242  7.586000e-08  1.425221e+00
 114   1.143320  1.143242  7.454116e-08  1.420525e+00
 115   1.144204  1.143251  7.332474e-08  1.421722e+00
 116   1.141837  1.143239  7.221723e-08  1.405242e+00
 117   1.148980  1.143287  7.336099e-08  1.425061e+00
 118   1.141718  1.143274  7.230191e-08  1.653424e+00
 119   1.138580  1.143235  7.262705e-08  1.413684e+00
 120   1.147736  1.143272  7.281043e-08  1.438816e+00
 121   1.143545  1.143274  7.162183e-08  1.424960e+00
 122   1.144709  1.143286  7.059326e-08  1.438679e+00
 123   1.146297  1.143310  7.004419e-08  1.419868e+00
 124   1.141028  1.143292  6.925673e-08  1.429947e+00
 125   1.144978  1.143305  6.833640e-08  1.403532e+00
 126   1.148793  1.143349  6.912708e-08  1.421172e+00
 127   1.139727  1.143320  6.884768e-08  1.403355e+00
 128   1.141555  1.143307  6.796743e-08  1.398061e+00
 129   1.140012  1.143281  6.756410e-08  1.406905e+00
 130   1.137823  1.143240  6.826837e-08  1.410175e+00
 131   1.140596  1.143220  6.763496e-08  1.414989e+00
 132   1.141336  1.143205  6.681851e-08  1.422101e+00
 133   1.146138  1.143227  6.630026e-08  1.417660e+00
 134   1.146949  1.143255  6.607813e-08  1.414005e+00
 135   1.143430  1.143256  6.510805e-08  1.404877e+00
 136   1.140083  1.143233  6.469412e-08  1.423471e+00
 137   1.142854  1.143230  6.376406e-08  1.417758e+00
 138   1.143180  1.143230  6.284672e-08  1.427455e+00
 139   1.143150  1.143229  6.194923e-08  1.407221e+00
 140   1.145373  1.143245  6.130159e-08  1.428703e+00
 141   1.141769  1.143234  6.054610e-08  1.416632e+00
 142   1.145843  1.143252  6.003211e-08  1.407414e+00
 143   1.139534  1.143227  5.986521e-08  1.410369e+00
 144   1.144624  1.143236  5.913239e-08  1.428643e+00
 145   1.139548  1.143211  5.896045e-08  1.410174e+00
 146   1.141118  1.143197  5.836095e-08  1.448630e+00
 147   1.146153  1.143217  5.797123e-08  1.420217e+00
 148   1.145639  1.143233  5.745748e-08  1.411287e+00
 149   1.139278  1.143207  5.738640e-08  1.395832e+00
 150   1.139450  1.143182  5.724506e-08  1.405241e+00
 151   1.141763  1.143172  5.657898e-08  1.411785e+00
 152   1.145385  1.143187  5.604845e-08  1.409040e+00
 153   1.142435  1.143182  5.534437e-08  1.400518e+00
 154   1.140847  1.143167  5.485720e-08  1.399764e+00
 155   1.142695  1.143164  5.416304e-08  1.414648e+00
 156   1.134829  1.143111  5.629116e-08  1.420613e+00
 157   1.144196  1.143118  5.562580e-08  1.400743e+00
 158   1.142382  1.143113  5.494751e-08  1.430704e+00
 159   1.141133  1.143101  5.441375e-08  1.419107e+00
 160   1.143179  1.143101  5.373804e-08  1.436081e+00
 161   1.142198  1.143096  5.310566e-08  1.421230e+00
 162   1.142593  1.143092  5.246357e-08  1.426689e+00
 163   1.144010  1.143098  5.185506e-08  1.417338e+00
 164   1.146194  1.143117  5.157858e-08  1.415518e+00
 165   1.144790  1.143127  5.105872e-08  1.419185e+00
 166   1.141530  1.143117  5.053865e-08  1.418390e+00
 167   1.141182  1.143106  5.006969e-08  1.397863e+00
 168   1.143934  1.143111  4.950118e-08  1.410209e+00
 169   1.143317  1.143112  4.892029e-08  1.410129e+00
 170   1.140260  1.143095  4.862619e-08  1.408461e+00
 171   1.142393  1.143091  4.807744e-08  1.405713e+00
 172   1.147911  1.143119  4.829771e-08  1.407666e+00
 173   1.142148  1.143113  4.777370e-08  1.412162e+00
 174   1.143079  1.143113  4.722776e-08  1.403026e+00
 175   1.140848  1.143100  4.685673e-08  1.409464e+00
 176   1.143282  1.143101  4.632832e-08  1.417103e+00
 177   1.139864  1.143083  4.613864e-08  1.424686e+00
 178   1.137641  1.143053  4.654758e-08  1.408824e+00
 179   1.138204  1.143026  4.675611e-08  1.411014e+00
 180   1.141523  1.143018  4.630843e-08  1.413872e+00
 181   1.143351  1.143019  4.580290e-08  1.415624e+00
 182   1.145230  1.143031  4.544819e-08  1.418486e+00
 183   1.143201  1.143032  4.495504e-08  1.418232e+00
 184   1.141746  1.143025  4.451738e-08  1.412572e+00
 185   1.141549  1.143017  4.410170e-08  1.414579e+00
 186   1.142454  1.143014  4.363910e-08  1.408582e+00
 187   1.142963  1.143014  4.317493e-08  1.410150e+00
 188   1.141269  1.143005  4.280328e-08  1.414010e+00
 189   1.144939  1.143015  4.245635e-08  1.405924e+00
 190   1.137506  1.142986  4.284372e-08  1.414448e+00
 191   1.144585  1.142995  4.246681e-08  1.420235e+00
 192   1.151597  1.143039  4.401333e-08  1.405132e+00
 193   1.144963  1.143049  4.365789e-08  1.434364e+00
 194   1.142306  1.143045  4.322464e-08  1.399507e+00
 195   1.142362  1.143042  4.279572e-08  1.423407e+00
 196   1.139494  1.143024  4.268555e-08  1.400154e+00
 197   1.151346  1.143066  4.402097e-08  1.424363e+00
 198   1.146962  1.143085  4.396180e-08  1.414368e+00
 199   1.148347  1.143112  4.421419e-08  1.413787e+00

>>> Outputting data

===================
Final Timing Report
===================

                                                     Routine   Max Fraction   Min Fraction
==========================================================================================
                             MC::Fission_Rebalance.rebalance     6.5173e-06     6.4977e-06
                     MC::Fission_Source.build_initial_source     1.8112e-06     2.6257e-08
                             MC::Fission_Source.build_source     1.1228e-05     1.1164e-05
                                      MC::KCode_Solver.solve     9.9997e-01     9.9996e-01
                                MC::Source_Transporter.solve     9.9992e-01     9.9992e-01
                                              Manager.output     1.3776e-06     1.3776e-06
                                               Manager.setup     3.3784e-05     3.2125e-05
                                               Manager.solve     9.9997e-01     9.9996e-01
==========================================================================================

Total execution time : 4.2677e+02 seconds.
